<?xml version="1.0" encoding="UTF-8"?>
<robot generator="Robot 7.0 (Python 3.12.1 on win32)" generated="2024-01-29T00:41:25.119873" rpa="false" schemaversion="5">
<suite id="s1" name="TC2" source="D:\robotFramework\Test Case\TC2.robot">
<test id="s1-t1" name="Test Case 2" line="7">
<kw name="Open Browser" owner="SeleniumLibrary">
<msg time="2024-01-29T00:41:25.414947" level="INFO">Opening browser 'chrome' to base url 'https://rahulshettyacademy.com/AutomationPractice/'.</msg>
<arg>${URL2}</arg>
<arg>chrome</arg>
<doc>Opens a new browser instance to the optional ``url``.</doc>
<status status="PASS" start="2024-01-29T00:41:25.414947" elapsed="5.710205"/>
</kw>
<kw name="Maximize Browser Window" owner="SeleniumLibrary">
<doc>Maximizes current browser window.</doc>
<status status="PASS" start="2024-01-29T00:41:31.128580" elapsed="0.653526"/>
</kw>
<kw name="Select Checkbox" owner="SeleniumLibrary">
<msg time="2024-01-29T00:41:31.782106" level="INFO">Selecting checkbox '//input[@id='checkBoxOption1']'.</msg>
<arg>//input[@id='checkBoxOption1']</arg>
<doc>Selects the checkbox identified by ``locator``.</doc>
<status status="PASS" start="2024-01-29T00:41:31.782106" elapsed="0.200448"/>
</kw>
<kw name="Select Radio Button" owner="SeleniumLibrary">
<msg time="2024-01-29T00:41:31.982554" level="INFO">Selecting 'radio1' from radio button 'radioButton'.</msg>
<arg>radioButton</arg>
<arg>radio1</arg>
<doc>Sets the radio button group ``group_name`` to ``value``.</doc>
<status status="PASS" start="2024-01-29T00:41:31.982554" elapsed="0.087752"/>
</kw>
<kw name="Select From List By Index" owner="SeleniumLibrary">
<msg time="2024-01-29T00:41:32.072748" level="INFO">Selecting options from selection list '//select[@id='dropdown-class-example']' by index 1.</msg>
<arg>//select[@id='dropdown-class-example']</arg>
<arg>1</arg>
<doc>Selects options from selection list ``locator`` by ``indexes``.</doc>
<status status="PASS" start="2024-01-29T00:41:32.071642" elapsed="0.136930"/>
</kw>
<kw name="Sleep" owner="BuiltIn">
<msg time="2024-01-29T00:41:37.213792" level="INFO">Slept 5 seconds.</msg>
<arg>5</arg>
<doc>Pauses the test executed for the given time.</doc>
<status status="PASS" start="2024-01-29T00:41:32.213582" elapsed="5.000210"/>
</kw>
<status status="PASS" start="2024-01-29T00:41:25.413500" elapsed="11.801308"/>
</test>
<status status="PASS" start="2024-01-29T00:41:25.149174" elapsed="12.070390"/>
</suite>
<statistics>
<total>
<stat pass="1" fail="0" skip="0">All Tests</stat>
</total>
<tag>
</tag>
<suite>
<stat pass="1" fail="0" skip="0" id="s1" name="TC2">TC2</stat>
</suite>
</statistics>
<errors>
</errors>
</robot>
